<?xml version="1.0" encoding="UTF-8"?>
<!-- Generated by org.testng.reporters.JUnitXMLReporter -->
<testsuite hostname="mxi-desktop" ignored="0" name="Test" tests="1" failures="1" timestamp="09 Jul 2018 13:16:33 GMT" time="0.038" errors="0">
  <testcase name="varify" time="0.0" classname="tests.LoginTest">
    <failure type="org.testng.TestNGException" message="
Cannot inject @Test annotated Method [varify] with [class java.lang.String].
For more information on native dependency injection please refer to http://testng.org/doc/documentation-main.html#native-dependency-injection">
      <![CDATA[org.testng.TestNGException: 
Cannot inject @Test annotated Method [varify] with [class java.lang.String].
For more information on native dependency injection please refer to http://testng.org/doc/documentation-main.html#native-dependency-injection
... Removed 24 stack frames]]>
    </failure>
  </testcase> <!-- varify -->
</testsuite> <!-- Test -->
