<?xml version="1.0" encoding="UTF-8"?>
<testng-results skipped="0" failed="0" ignored="0" total="1" passed="1">
  <reporter-output>
  </reporter-output>
  <suite name="Default suite" duration-ms="136488" started-at="2018-07-03T13:10:03Z" finished-at="2018-07-03T13:12:19Z">
    <groups>
    </groups>
    <test name="Default test" duration-ms="136488" started-at="2018-07-03T13:10:03Z" finished-at="2018-07-03T13:12:19Z">
      <class name="tests.LoginTest">
        <test-method status="PASS" signature="initialize()[pri:0, instance:tests.LoginTest@4b9e13df]" name="initialize" is-config="true" duration-ms="61922" started-at="2018-07-03T13:09:01Z" finished-at="2018-07-03T13:10:03Z">
          <reporter-output>
          </reporter-output>
        </test-method> <!-- initialize -->
        <test-method status="PASS" signature="init()[pri:0, instance:tests.LoginTest@4b9e13df]" name="init" duration-ms="136456" started-at="2018-07-03T13:10:03Z" finished-at="2018-07-03T13:12:19Z">
          <reporter-output>
          </reporter-output>
        </test-method> <!-- init -->
        <test-method status="PASS" signature="exit()[pri:0, instance:tests.LoginTest@4b9e13df]" name="exit" is-config="true" duration-ms="85" started-at="2018-07-03T13:12:19Z" finished-at="2018-07-03T13:12:19Z">
          <reporter-output>
          </reporter-output>
        </test-method> <!-- exit -->
      </class> <!-- tests.LoginTest -->
    </test> <!-- Default test -->
  </suite> <!-- Default suite -->
</testng-results>
